app/build/outputs/logs/manifest-merger-debug-report.txt
-- Merging decision tree log ---
manifest
ADDED from src/main/AndroidManifest.xml:2:1-278:12
	package
		ADDED from src/main/AndroidManifest.xml:3:5-36
		INJECTED from src/main/AndroidManifest.xml
		INJECTED from src/main/AndroidManifest.xml
	android:versionName
		ADDED from src/main/AndroidManifest.xml:5:5-32
		INJECTED from src/main/AndroidManifest.xml
		INJECTED from src/main/AndroidManifest.xml
	android:versionCode
		ADDED from src/main/AndroidManifest.xml:4:5-30
		INJECTED from src/main/AndroidManifest.xml
		INJECTED from src/main/AndroidManifest.xml
	xmlns:android
		ADDED from src/main/AndroidManifest.xml:2:11-69
uses-sdk
ADDED from src/main/AndroidManifest.xml:7:5-9:41
MERGED from [com.android.support:multidex:1.0.1] AndroidManifest.xml:18:5-42
	android:targetSdkVersion
		ADDED from src/main/AndroidManifest.xml:9:9-38
		INJECTED from src/main/AndroidManifest.xml
		INJECTED from src/main/AndroidManifest.xml
	android:minSdkVersion
		ADDED from src/main/AndroidManifest.xml:8:9-34
		INJECTED from src/main/AndroidManifest.xml
		INJECTED from src/main/AndroidManifest.xml
uses-permission#android.permission.INTERNET
ADDED from src/main/AndroidManifest.xml:11:5-67
	android:name
		ADDED from src/main/AndroidManifest.xml:11:22-64
uses-permission#android.permission.READ_PHONE_STATE
ADDED from src/main/AndroidManifest.xml:12:5-75
	android:name
		ADDED from src/main/AndroidManifest.xml:12:22-72
uses-permission#android.permission.ACCESS_NETWORK_STATE
ADDED from src/main/AndroidManifest.xml:13:5-79
	android:name
		ADDED from src/main/AndroidManifest.xml:13:22-76
uses-permission#android.permission.RECEIVE_BOOT_COMPLETED
ADDED from src/main/AndroidManifest.xml:14:5-81
	android:name
		ADDED from src/main/AndroidManifest.xml:14:22-78
uses-permission#android.permission.WRITE_SETTINGS
ADDED from src/main/AndroidManifest.xml:15:5-73
	android:name
		ADDED from src/main/AndroidManifest.xml:15:22-70
uses-permission#android.permission.VIBRATE
ADDED from src/main/AndroidManifest.xml:16:5-66
	android:name
		ADDED from src/main/AndroidManifest.xml:16:22-63
uses-permission#com.android.launcher.permission.READ_SETTINGS
ADDED from src/main/AndroidManifest.xml:17:5-85
	android:name
		ADDED from src/main/AndroidManifest.xml:17:22-82
uses-permission#android.permission.WRITE_EXTERNAL_STORAGE
ADDED from src/main/AndroidManifest.xml:18:5-81
	android:name
		ADDED from src/main/AndroidManifest.xml:18:22-78
uses-permission#android.permission.ACCESS_DOWNLOAD_MANAGER
ADDED from src/main/AndroidManifest.xml:19:5-82
	android:name
		ADDED from src/main/AndroidManifest.xml:19:22-79
uses-permission#android.permission.DOWNLOAD_WITHOUT_NOTIFICATION
ADDED from src/main/AndroidManifest.xml:20:5-88
	android:name
		ADDED from src/main/AndroidManifest.xml:20:22-85
uses-permission#android.permission.DISABLE_KEYGUARD
ADDED from src/main/AndroidManifest.xml:21:5-75
	android:name
		ADDED from src/main/AndroidManifest.xml:21:22-72
uses-permission#android.permission.ACCESS_COARSE_LOCATION
ADDED from src/main/AndroidManifest.xml:22:5-81
	android:name
		ADDED from src/main/AndroidManifest.xml:22:22-78
uses-permission#android.permission.ACCESS_WIFI_STATE
ADDED from src/main/AndroidManifest.xml:23:5-76
	android:name
		ADDED from src/main/AndroidManifest.xml:23:22-73
uses-permission#android.permission.WAKE_LOCK
ADDED from src/main/AndroidManifest.xml:27:5-68
	android:name
		ADDED from src/main/AndroidManifest.xml:27:22-65
uses-permission#android.permission.READ_EXTERNAL_STORAGE
ADDED from src/main/AndroidManifest.xml:36:5-80
	android:name
		ADDED from src/main/AndroidManifest.xml:36:22-77
uses-permission#android.permission.MOUNT_UNMOUNT_FILESYSTEMS
ADDED from src/main/AndroidManifest.xml:44:5-84
	android:name
		ADDED from src/main/AndroidManifest.xml:44:22-81
uses-permission#android.permission.SYSTEM_ALERT_WINDOW
ADDED from src/main/AndroidManifest.xml:49:5-78
	android:name
		ADDED from src/main/AndroidManifest.xml:49:22-75
uses-permission#android.permission.GET_TASKS
ADDED from src/main/AndroidManifest.xml:51:5-68
	android:name
		ADDED from src/main/AndroidManifest.xml:51:22-65
uses-permission#android.permission.CHANGE_WIFI_STATE
ADDED from src/main/AndroidManifest.xml:56:5-76
	android:name
		ADDED from src/main/AndroidManifest.xml:56:22-73
uses-permission#android.permission.ACCESS_FINE_LOCATION
ADDED from src/main/AndroidManifest.xml:57:5-79
	android:name
		ADDED from src/main/AndroidManifest.xml:57:22-76
uses-permission#android.permission.ACCESS_LOCATION_EXTRA_COMMANDS
ADDED from src/main/AndroidManifest.xml:58:5-89
	android:name
		ADDED from src/main/AndroidManifest.xml:58:22-86
uses-permission#android.permission.CHANGE_NETWORK_STATE
ADDED from src/main/AndroidManifest.xml:59:5-79
	android:name
		ADDED from src/main/AndroidManifest.xml:59:22-76
uses-permission#android.permission.CAMERA
ADDED from src/main/AndroidManifest.xml:62:5-65
	android:name
		ADDED from src/main/AndroidManifest.xml:62:22-62
uses-permission#android.permission.MODIFY_AUDIO_SETTINGS
ADDED from src/main/AndroidManifest.xml:64:5-80
	android:name
		ADDED from src/main/AndroidManifest.xml:64:22-77
uses-permission#android.permission.RECORD_AUDIO
ADDED from src/main/AndroidManifest.xml:66:5-71
	android:name
		ADDED from src/main/AndroidManifest.xml:66:22-68
supports-screens
ADDED from src/main/AndroidManifest.xml:68:5-73:40
	android:largeScreens
		ADDED from src/main/AndroidManifest.xml:70:9-36
	android:smallScreens
		ADDED from src/main/AndroidManifest.xml:72:9-36
	android:normalScreens
		ADDED from src/main/AndroidManifest.xml:71:9-37
	android:xlargeScreens
		ADDED from src/main/AndroidManifest.xml:73:9-37
	android:anyDensity
		ADDED from src/main/AndroidManifest.xml:69:9-34
application
ADDED from src/main/AndroidManifest.xml:75:5-276:19
	android:label
		ADDED from src/main/AndroidManifest.xml:79:9-41
	android:allowBackup
		ADDED from src/main/AndroidManifest.xml:77:9-35
	android:icon
		ADDED from src/main/AndroidManifest.xml:78:9-38
	android:largeHeap
		ADDED from src/main/AndroidManifest.xml:80:9-33
	android:theme
		ADDED from src/main/AndroidManifest.xml:81:9-62
	android:name
		ADDED from src/main/AndroidManifest.xml:76:9-63
meta-data#com.baidu.lbsapi.API_KEY
ADDED from src/main/AndroidManifest.xml:82:9-84:56
	android:value
		ADDED from src/main/AndroidManifest.xml:84:13-53
	android:name
		ADDED from src/main/AndroidManifest.xml:83:13-52
receiver#com.baidu.android.pushservice.PushServiceReceiver
ADDED from src/main/AndroidManifest.xml:87:9-101:20
	android:process
		ADDED from src/main/AndroidManifest.xml:89:13-44
	android:name
		ADDED from src/main/AndroidManifest.xml:88:13-77
intent-filter#android.intent.action.ACTION_POWER_CONNECTED+android.intent.action.ACTION_POWER_DISCONNECTED+android.intent.action.BOOT_COMPLETED+android.intent.action.MEDIA_MOUNTED+android.intent.action.USER_PRESENT+android.net.conn.CONNECTIVITY_CHANGE+com.baidu.android.pushservice.action.media.CLICK+com.baidu.android.pushservice.action.notification.SHOW
ADDED from src/main/AndroidManifest.xml:90:13-100:29
action#android.intent.action.BOOT_COMPLETED
ADDED from src/main/AndroidManifest.xml:91:17-79
	android:name
		ADDED from src/main/AndroidManifest.xml:91:25-76
action#android.net.conn.CONNECTIVITY_CHANGE
ADDED from src/main/AndroidManifest.xml:92:17-79
	android:name
		ADDED from src/main/AndroidManifest.xml:92:25-76
action#com.baidu.android.pushservice.action.notification.SHOW
ADDED from src/main/AndroidManifest.xml:93:17-97
	android:name
		ADDED from src/main/AndroidManifest.xml:93:25-94
action#com.baidu.android.pushservice.action.media.CLICK
ADDED from src/main/AndroidManifest.xml:94:17-91
	android:name
		ADDED from src/main/AndroidManifest.xml:94:25-88
action#android.intent.action.MEDIA_MOUNTED
ADDED from src/main/AndroidManifest.xml:96:17-78
	android:name
		ADDED from src/main/AndroidManifest.xml:96:25-75
action#android.intent.action.USER_PRESENT
ADDED from src/main/AndroidManifest.xml:97:17-77
	android:name
		ADDED from src/main/AndroidManifest.xml:97:25-74
action#android.intent.action.ACTION_POWER_CONNECTED
ADDED from src/main/AndroidManifest.xml:98:17-87
	android:name
		ADDED from src/main/AndroidManifest.xml:98:25-84
action#android.intent.action.ACTION_POWER_DISCONNECTED
ADDED from src/main/AndroidManifest.xml:99:17-90
	android:name
		ADDED from src/main/AndroidManifest.xml:99:25-87
receiver#com.baidu.android.pushservice.RegistrationReceiver
ADDED from src/main/AndroidManifest.xml:103:9-115:20
	android:process
		ADDED from src/main/AndroidManifest.xml:105:13-44
	android:name
		ADDED from src/main/AndroidManifest.xml:104:13-78
intent-filter#com.baidu.android.pushservice.action.BIND_SYNC+com.baidu.android.pushservice.action.METHOD
ADDED from src/main/AndroidManifest.xml:106:13-109:29
action#com.baidu.android.pushservice.action.METHOD
ADDED from src/main/AndroidManifest.xml:107:17-86
	android:name
		ADDED from src/main/AndroidManifest.xml:107:25-83
action#com.baidu.android.pushservice.action.BIND_SYNC
ADDED from src/main/AndroidManifest.xml:108:17-89
	android:name
		ADDED from src/main/AndroidManifest.xml:108:25-86
intent-filter#android.intent.action.PACKAGE_REMOVED
ADDED from src/main/AndroidManifest.xml:110:13-114:29
action#android.intent.action.PACKAGE_REMOVED
ADDED from src/main/AndroidManifest.xml:111:17-80
	android:name
		ADDED from src/main/AndroidManifest.xml:111:25-77
data
ADDED from src/main/AndroidManifest.xml:113:17-50
	android:scheme
		ADDED from src/main/AndroidManifest.xml:113:23-47
service#com.baidu.location.f
ADDED from src/main/AndroidManifest.xml:116:9-117:19
	android:enabled
		ADDED from src/main/AndroidManifest.xml:116:54-76
	android:process
		ADDED from src/main/AndroidManifest.xml:116:77-102
	android:name
		ADDED from src/main/AndroidManifest.xml:116:18-53
service#com.baidu.android.pushservice.PushService
ADDED from src/main/AndroidManifest.xml:118:9-125:19
	android:process
		ADDED from src/main/AndroidManifest.xml:121:13-44
	android:exported
		ADDED from src/main/AndroidManifest.xml:120:13-36
	android:name
		ADDED from src/main/AndroidManifest.xml:119:13-69
intent-filter#com.baidu.android.pushservice.action.PUSH_SERVICE
ADDED from src/main/AndroidManifest.xml:122:13-124:29
action#com.baidu.android.pushservice.action.PUSH_SERVICE
ADDED from src/main/AndroidManifest.xml:123:17-92
	android:name
		ADDED from src/main/AndroidManifest.xml:123:25-89
service#com.baidu.android.pushservice.CommandService
ADDED from src/main/AndroidManifest.xml:127:9-129:39
	android:exported
		ADDED from src/main/AndroidManifest.xml:129:13-36
	android:name
		ADDED from src/main/AndroidManifest.xml:128:13-72
receiver#com.imsdk.imdeveloper.Notification.PushReceiver
ADDED from src/main/AndroidManifest.xml:132:9-142:20
	android:name
		ADDED from src/main/AndroidManifest.xml:132:19-60
intent-filter#com.baidu.android.pushservice.action.MESSAGE+com.baidu.android.pushservice.action.RECEIVE+com.baidu.android.pushservice.action.notification.CLICK
ADDED from src/main/AndroidManifest.xml:133:13-141:29
action#com.baidu.android.pushservice.action.MESSAGE
ADDED from src/main/AndroidManifest.xml:136:17-87
	android:name
		ADDED from src/main/AndroidManifest.xml:136:25-84
action#com.baidu.android.pushservice.action.RECEIVE
ADDED from src/main/AndroidManifest.xml:138:17-87
	android:name
		ADDED from src/main/AndroidManifest.xml:138:25-84
action#com.baidu.android.pushservice.action.notification.CLICK
ADDED from src/main/AndroidManifest.xml:140:17-98
	android:name
		ADDED from src/main/AndroidManifest.xml:140:25-95
activity#com.imsdk.imdeveloper.ui.activity.ShangchuanActivity
ADDED from src/main/AndroidManifest.xml:144:9-68
	android:name
		ADDED from src/main/AndroidManifest.xml:144:19-65
activity#com.imsdk.imdeveloper.ui.activity.DeletedocuActivity
ADDED from src/main/AndroidManifest.xml:145:9-68
	android:name
		ADDED from src/main/AndroidManifest.xml:145:19-65
activity#com.imsdk.imdeveloper.ui.activity.ManageActivity
ADDED from src/main/AndroidManifest.xml:146:9-64
	android:name
		ADDED from src/main/AndroidManifest.xml:146:19-61
activity#com.imsdk.imdeveloper.ui.activity.UploadActivity
ADDED from src/main/AndroidManifest.xml:147:9-64
	android:name
		ADDED from src/main/AndroidManifest.xml:147:19-61
activity#com.imsdk.imdeveloper.ui.activity.DelActivity
ADDED from src/main/AndroidManifest.xml:148:9-61
	android:name
		ADDED from src/main/AndroidManifest.xml:148:19-58
activity#com.imsdk.imdeveloper.ui.activity.MainActivity
ADDED from src/main/AndroidManifest.xml:149:9-154:20
	android:screenOrientation
		ADDED from src/main/AndroidManifest.xml:152:13-49
	android:windowSoftInputMode
		ADDED from src/main/AndroidManifest.xml:153:13-74
	android:logo
		ADDED from src/main/AndroidManifest.xml:151:13-42
	android:name
		ADDED from src/main/AndroidManifest.xml:150:13-53
activity#com.imsdk.imdeveloper.ui.activity.WelcomeActivity
ADDED from src/main/AndroidManifest.xml:155:9-162:20
	android:screenOrientation
		ADDED from src/main/AndroidManifest.xml:157:13-49
	android:name
		ADDED from src/main/AndroidManifest.xml:156:13-56
intent-filter#android.intent.action.MAIN+android.intent.category.LAUNCHER
ADDED from src/main/AndroidManifest.xml:158:13-161:29
action#android.intent.action.MAIN
ADDED from src/main/AndroidManifest.xml:159:17-69
	android:name
		ADDED from src/main/AndroidManifest.xml:159:25-66
category#android.intent.category.LAUNCHER
ADDED from src/main/AndroidManifest.xml:160:17-77
	android:name
		ADDED from src/main/AndroidManifest.xml:160:27-74
activity#com.imsdk.imdeveloper.ui.activity.LoginActivity
ADDED from src/main/AndroidManifest.xml:163:9-166:20
	android:screenOrientation
		ADDED from src/main/AndroidManifest.xml:165:13-49
	android:name
		ADDED from src/main/AndroidManifest.xml:164:13-54
activity#com.imsdk.imdeveloper.ui.activity.RegisterActivity
ADDED from src/main/AndroidManifest.xml:167:9-169:52
	android:screenOrientation
		ADDED from src/main/AndroidManifest.xml:169:13-49
	android:name
		ADDED from src/main/AndroidManifest.xml:168:13-57
activity#com.imsdk.imdeveloper.ui.activity.ProfileActivity
ADDED from src/main/AndroidManifest.xml:170:9-172:52
	android:screenOrientation
		ADDED from src/main/AndroidManifest.xml:172:13-49
	android:name
		ADDED from src/main/AndroidManifest.xml:171:13-56
activity#com.imsdk.imdeveloper.ui.activity.Radar
ADDED from src/main/AndroidManifest.xml:173:9-175:52
	android:screenOrientation
		ADDED from src/main/AndroidManifest.xml:175:13-49
	android:name
		ADDED from src/main/AndroidManifest.xml:174:13-46
activity#com.imsdk.imdeveloper.ui.activity.IMChatActivity
ADDED from src/main/AndroidManifest.xml:176:9-179:76
	android:screenOrientation
		ADDED from src/main/AndroidManifest.xml:178:13-49
	android:windowSoftInputMode
		ADDED from src/main/AndroidManifest.xml:179:13-73
	android:name
		ADDED from src/main/AndroidManifest.xml:177:13-55
activity#com.imsdk.imdeveloper.ui.activity.shop.IMMerchantChatActivity
ADDED from src/main/AndroidManifest.xml:180:9-183:76
	android:screenOrientation
		ADDED from src/main/AndroidManifest.xml:182:13-49
	android:windowSoftInputMode
		ADDED from src/main/AndroidManifest.xml:183:13-73
	android:name
		ADDED from src/main/AndroidManifest.xml:181:13-68
activity#com.imsdk.imdeveloper.ui.activity.ImageBucketChooseActivity
ADDED from src/main/AndroidManifest.xml:184:9-187:76
	android:screenOrientation
		ADDED from src/main/AndroidManifest.xml:186:13-49
	android:windowSoftInputMode
		ADDED from src/main/AndroidManifest.xml:187:13-73
	android:name
		ADDED from src/main/AndroidManifest.xml:185:13-66
activity#com.imsdk.imdeveloper.ui.activity.ImageChooseActivity
ADDED from src/main/AndroidManifest.xml:188:9-191:76
	android:screenOrientation
		ADDED from src/main/AndroidManifest.xml:190:13-49
	android:windowSoftInputMode
		ADDED from src/main/AndroidManifest.xml:191:13-73
	android:name
		ADDED from src/main/AndroidManifest.xml:189:13-60
activity#com.imsdk.imdeveloper.ui.activity.ImageZoomActivity
ADDED from src/main/AndroidManifest.xml:192:9-195:76
	android:screenOrientation
		ADDED from src/main/AndroidManifest.xml:194:13-49
	android:windowSoftInputMode
		ADDED from src/main/AndroidManifest.xml:195:13-73
	android:name
		ADDED from src/main/AndroidManifest.xml:193:13-58
activity#com.imsdk.imdeveloper.ui.activity.IMGroupChatActivity
ADDED from src/main/AndroidManifest.xml:196:9-199:76
	android:screenOrientation
		ADDED from src/main/AndroidManifest.xml:198:13-49
	android:windowSoftInputMode
		ADDED from src/main/AndroidManifest.xml:199:13-73
	android:name
		ADDED from src/main/AndroidManifest.xml:197:13-60
activity#com.imsdk.imdeveloper.ui.activity.PasswordModifyActivity
ADDED from src/main/AndroidManifest.xml:200:9-203:63
	android:screenOrientation
		ADDED from src/main/AndroidManifest.xml:202:13-49
	android:windowSoftInputMode
		ADDED from src/main/AndroidManifest.xml:203:13-60
	android:name
		ADDED from src/main/AndroidManifest.xml:201:13-63
activity#com.imsdk.imdeveloper.ui.activity.MyProfileActivity
ADDED from src/main/AndroidManifest.xml:204:9-207:76
	android:screenOrientation
		ADDED from src/main/AndroidManifest.xml:206:13-49
	android:windowSoftInputMode
		ADDED from src/main/AndroidManifest.xml:207:13-73
	android:name
		ADDED from src/main/AndroidManifest.xml:205:13-58
activity#com.imsdk.imdeveloper.ui.activity.ReviewActivity
ADDED from src/main/AndroidManifest.xml:208:9-64
	android:name
		ADDED from src/main/AndroidManifest.xml:208:19-61
activity#com.imsdk.imdeveloper.ui.activity.AddReviewActivity
ADDED from src/main/AndroidManifest.xml:209:9-67
	android:name
		ADDED from src/main/AndroidManifest.xml:209:19-64
activity#com.imsdk.imdeveloper.ui.activity.ModifyPasswordActivity
ADDED from src/main/AndroidManifest.xml:210:9-213:76
	android:screenOrientation
		ADDED from src/main/AndroidManifest.xml:212:13-49
	android:windowSoftInputMode
		ADDED from src/main/AndroidManifest.xml:213:13-73
	android:name
		ADDED from src/main/AndroidManifest.xml:211:13-63
activity#com.imsdk.imdeveloper.ui.activity.SignActivity
ADDED from src/main/AndroidManifest.xml:214:9-217:76
	android:screenOrientation
		ADDED from src/main/AndroidManifest.xml:216:13-49
	android:windowSoftInputMode
		ADDED from src/main/AndroidManifest.xml:217:13-73
	android:name
		ADDED from src/main/AndroidManifest.xml:215:13-53
activity#com.imsdk.imdeveloper.ui.activity.ChoosePhotoActivity
ADDED from src/main/AndroidManifest.xml:218:9-220:52
	android:screenOrientation
		ADDED from src/main/AndroidManifest.xml:220:13-49
	android:name
		ADDED from src/main/AndroidManifest.xml:219:13-60
activity#com.imsdk.imdeveloper.ui.activity.AddContactActivity
ADDED from src/main/AndroidManifest.xml:221:9-223:52
	android:screenOrientation
		ADDED from src/main/AndroidManifest.xml:223:13-49
	android:name
		ADDED from src/main/AndroidManifest.xml:222:13-59
activity#com.imsdk.imdeveloper.ui.activity.MyGroupsActivity
ADDED from src/main/AndroidManifest.xml:224:9-226:52
	android:screenOrientation
		ADDED from src/main/AndroidManifest.xml:226:13-49
	android:name
		ADDED from src/main/AndroidManifest.xml:225:13-57
activity#com.imsdk.imdeveloper.ui.activity.GroupInfoActivity
ADDED from src/main/AndroidManifest.xml:227:9-229:52
	android:screenOrientation
		ADDED from src/main/AndroidManifest.xml:229:13-49
	android:name
		ADDED from src/main/AndroidManifest.xml:228:13-58
activity#com.imsdk.imdeveloper.ui.activity.GroupSearchMemberActivity
ADDED from src/main/AndroidManifest.xml:230:9-232:52
	android:screenOrientation
		ADDED from src/main/AndroidManifest.xml:232:13-49
	android:name
		ADDED from src/main/AndroidManifest.xml:231:13-66
activity#com.imsdk.imdeveloper.ui.activity.DocumentActivity
ADDED from src/main/AndroidManifest.xml:233:9-234:20
	android:name
		ADDED from src/main/AndroidManifest.xml:233:19-63
activity#com.imsdk.imdeveloper.ui.activity.PushActivity
ADDED from src/main/AndroidManifest.xml:235:9-236:20
	android:name
		ADDED from src/main/AndroidManifest.xml:235:19-59
activity#com.imsdk.imdeveloper.ui.activity.TaskListActivity
ADDED from src/main/AndroidManifest.xml:237:9-238:20
	android:name
		ADDED from src/main/AndroidManifest.xml:237:19-63
activity#com.imsdk.imdeveloper.ui.activity.MemberOfClubActivity
ADDED from src/main/AndroidManifest.xml:239:9-240:20
	android:name
		ADDED from src/main/AndroidManifest.xml:239:19-67
activity#com.imsdk.imdeveloper.ui.activity.JiaowuActivity
ADDED from src/main/AndroidManifest.xml:241:9-242:20
	android:name
		ADDED from src/main/AndroidManifest.xml:241:19-61
activity#com.imsdk.imdeveloper.ui.activity.CreateClubActivity
ADDED from src/main/AndroidManifest.xml:243:9-244:20
	android:name
		ADDED from src/main/AndroidManifest.xml:243:19-65
activity#com.imsdk.imdeveloper.ui.activity.AddClubActivity
ADDED from src/main/AndroidManifest.xml:245:9-246:20
	android:name
		ADDED from src/main/AndroidManifest.xml:245:19-62
activity#com.imsdk.imdeveloper.ui.activity.InviteActivity
ADDED from src/main/AndroidManifest.xml:247:9-248:20
	android:name
		ADDED from src/main/AndroidManifest.xml:247:19-61
activity#com.imsdk.imdeveloper.ui.activity.RenmianActivity
ADDED from src/main/AndroidManifest.xml:249:9-250:20
	android:name
		ADDED from src/main/AndroidManifest.xml:249:19-62
activity#com.imsdk.imdeveloper.ui.activity.DeleteActivity
ADDED from src/main/AndroidManifest.xml:251:9-252:20
	android:name
		ADDED from src/main/AndroidManifest.xml:251:19-61
activity#com.imsdk.imdeveloper.ui.activity.AddClubList
ADDED from src/main/AndroidManifest.xml:253:9-254:20
	android:name
		ADDED from src/main/AndroidManifest.xml:253:19-58
activity#com.imsdk.imdeveloper.ui.activity.creatTopic
ADDED from src/main/AndroidManifest.xml:255:9-256:20
	android:name
		ADDED from src/main/AndroidManifest.xml:255:19-57
activity#com.imsdk.imdeveloper.ui.activity.ChooseDateActivity
ADDED from src/main/AndroidManifest.xml:257:9-258:20
	android:name
		ADDED from src/main/AndroidManifest.xml:257:19-65
activity#com.imsdk.imdeveloper.ui.activity.webview
ADDED from src/main/AndroidManifest.xml:259:9-260:20
	android:name
		ADDED from src/main/AndroidManifest.xml:259:19-54
activity#com.imsdk.imdeveloper.ui.activity.AroundActivity
ADDED from src/main/AndroidManifest.xml:261:9-262:20
	android:name
		ADDED from src/main/AndroidManifest.xml:261:19-61
activity#com.imsdk.imdeveloper.ui.activity.PushListActivity
ADDED from src/main/AndroidManifest.xml:263:9-264:20
	android:name
		ADDED from src/main/AndroidManifest.xml:263:19-63
activity#com.imsdk.imdeveloper.ui.activity.PushDetailActivity
ADDED from src/main/AndroidManifest.xml:265:9-271:20
	android:name
		ADDED from src/main/AndroidManifest.xml:265:19-65
intent-filter#android.intent.category.DEFALUT+com.iyanda.activity.notifiydetail
ADDED from src/main/AndroidManifest.xml:266:13-270:29
action#com.iyanda.activity.notifiydetail
ADDED from src/main/AndroidManifest.xml:267:17-76
	android:name
		ADDED from src/main/AndroidManifest.xml:267:25-73
category#android.intent.category.DEFALUT
ADDED from src/main/AndroidManifest.xml:269:17-76
	android:name
		ADDED from src/main/AndroidManifest.xml:269:27-73
activity#com.imsdk.imdeveloper.ui.activity.PushCountActivity
ADDED from src/main/AndroidManifest.xml:272:9-273:20
	android:name
		ADDED from src/main/AndroidManifest.xml:272:19-64
activity#com.imsdk.imdeveloper.ui.activity.DepartmentListActivity
ADDED from src/main/AndroidManifest.xml:274:9-275:20
	android:name
		ADDED from src/main/AndroidManifest.xml:274:19-69